<?xml version="1.0" encoding="UTF-8"?>
<!-- Generated by org.testng.reporters.JUnitXMLReporter -->
<testsuite ignored="0" hostname="LAPTOP-GA4HMSSR" failures="0" tests="4" name="Default test" time="1.645" errors="0" timestamp="2022-11-16T13:00:12 IST">
  <testcase classname="com.bridgelabz.qa.DB_Testing.DB_Test" name="deleteData" time="0.265"/>
  <testcase classname="com.bridgelabz.qa.DB_Testing.DB_Test" name="getTableData" time="0.061"/>
  <testcase classname="com.bridgelabz.qa.DB_Testing.DB_Test" name="insertData" time="0.184"/>
  <testcase classname="com.bridgelabz.qa.DB_Testing.DB_Test" name="updateData" time="0.079"/>
</testsuite> <!-- Default test -->
